START-OF-LOG: 3.0
LOCATION: HOME
CALLSIGN: LU1DZ
CONTEST: EXPERIMENTO ECLIPSE SOLAR
CATEGORY-BAND: 20
CATEGORY-MODE: FT8
CATEGORY-POWER: 50
OPERATORS: LU1DZ
NAME: Gabriel Cornejo
ADDRESS: Rodriguez 281
ADDRESS-CITY: Adrogue
ADDRESS-STATE-PROVINCE: BA
ADDRESS-POSTALCODE: 1846
ADDRESS-COUNTRY: ARGENTINA
EMAIL: rgcornejo@gmail.com
CREATED-BY: N1MM Logger+ 1.0.8779.0
QSO: 14075 DG 2020-12-13 0006 LU1DZ         -04  5J3B          -14  Indicativo                                          
QSO: 14075 DG 2020-12-13 1817 LU1DZ         -16  LW6DLS        -12  Jose Hilar                                          
QSO: 14075 DG 2020-12-13 1855 LU1DZ         -19  LU9HCO        -13  Miguel Alf Apuntando AZ: 299                        
QSO: 14075 DG 2020-12-13 1925 LU1DZ         +01  CE3TLI        -11  Cristian C                                          
QSO: 14075 DG 2020-12-13 1949 LU1DZ         -13  J69BP         -04  Terry Good K:1 A:4 SFI:82 Sunspot: 24               
QSO: 14074 DG 2020-12-13 2004 LU1DZ         -16  K4SSK         -11  Maurice E                                           
QSO: 14075 DG 2020-12-13 2055 LU1DZ         -18  KC1NYY        -18  David M La                                          
QSO: 14074 DG 2020-12-13 2112 LU1DZ         -12  NE1RD         -12  B. Scott   K: 1 A:4 SFI: 82 Sunspot: 24             
QSO: 14075 DG 2020-12-13 2216 LU1DZ         -16  KW4YA         -18  Hiroyuki                                            
QSO: 14074 DG 2020-12-13 2243 LU1DZ         -09  KA4JON        -03  John W Lip                                          
QSO: 14074 DG 2020-12-13 2255 LU1DZ         -04  K8EQ          -12  Robert G Y                                          
QSO: 14075 DG 2020-12-13 2302 LU1DZ         -19  W1HQL         -07  Stephen M                                           
QSO: 14074 DG 2020-12-13 2340 LU1DZ         -16  W7VA          -13  Bruce U Go                                          
QSO: 14074 DG 2020-12-13 2348 LU1DZ         -12  LU8DRH        -14  Mauro Emil                                          
QSO: 14074 DG 2020-12-13 2350 LU1DZ         -02  W7OK          -04  Mark E Pet                                          
QSO: 14075 DG 2020-12-14 0014 LU1DZ         -14  PY2NRT        -05  Nelson Tad                                          
QSO: 14074 DG 2020-12-14 0017 LU1DZ         -06  AA3S          +00  Douglas M                                           
QSO: 14074 DG 2020-12-14 0022 LU1DZ         -08  OA9DVK        -17  Daniel "Jd                                          
QSO: 14075 DG 2020-12-14 0025 LU1DZ         -10  K7KE          -10  Kyle  Brya                                          
QSO: 14076 DG 2020-12-14 0233 LU1DZ         -20  NP3DM         -06  Ramon  Sua                                          
QSO: 14074 DG 2020-12-14 1523 LU1DZ         +00  LU1DLA        +00  Alejandro                                           
QSO: 14075 DG 2020-12-14 1531 LU1DZ         -01  LU3AAK        -04  Luis Alber                                          
QSO: 14075 DG 2020-12-14 1534 LU1DZ         +13  PY5EJ         +03  Aldenor Pa K:2 A:5 SFI: 81 SUN: 14                  
QSO: 14075 DG 2020-12-14 1538 LU1DZ         -07  LU8GMM        -20  Diego Mart                                          
QSO: 14074 DG 2020-12-14 1634 LU1DZ         -17  M0BEW         -06  Tim Elwell                                          
QSO: 14075 DG 2020-12-14 1734 LU1DZ         -15  EA7TG         -15  Francisco  K:0 A:5 SFI: 81 SUN:14                   
QSO: 14074 DG 2020-12-14 1738 LU1DZ         -03  ZS2DLF        -13  Damien Fie                                          
QSO: 14075 DG 2020-12-14 1743 LU1DZ         -18  LU4FYF        -17  Jose Manue                                          
QSO: 14074 DG 2020-12-14 1753 LU1DZ         -01  EA2RU         -16  Ramon Vare                                          
QSO: 14075 DG 2020-12-14 1807 LU1DZ         +00  4Z5ML         -13  Alex Kozlo                                          
QSO: 14074 DG 2020-12-14 1810 LU1DZ         -03  LU5HL         -21  Jose Enriq                                          
QSO: 14074 DG 2020-12-14 1836 LU1DZ         -12  TM20XMAS      -11  F8kgh Spec                                          
QSO: 14075 DG 2020-12-14 1852 LU1DZ         -17  CX1AZ         -10  Margarita                                           
QSO: 14075 DG 2020-12-14 1904 LU1DZ         +07  LU2IV         +05  Oviedo Ped                                          
QSO: 14075 DG 2020-12-14 1941 LU1DZ         -18  VO1VR         -10  Maxwell Da                                          
QSO: 14075 DG 2020-12-14 2018 LU1DZ         599  LU9EKQ        599  Sergio Dan                                          
QSO: 14075 DG 2020-12-14 2023 LU1DZ         -12  HI8RMQ        -18  Rafael Mot                                          
QSO: 14075 DG 2020-12-14 2053 LU1DZ         -02  LW4DKI        +06  Claudio Fa                                          
QSO: 14075 DG 2020-12-14 2159 LU1DZ         -07  YV5OIE        -10  Antonio Go                                          
QSO: 14075 DG 2020-12-14 2300 LU1DZ         -10  LU8XQL        -09  Guillermo                                           
QSO: 14075 DG 2020-12-14 2302 LU1DZ         -15  LU8DHC        -22  Floreal Ar                                          
QSO: 14075 DG 2020-12-14 2314 LU1DZ         +05  CP6UA         -02  Enrique Ra                                          
QSO: 14074 DG 2020-12-14 2317 LU1DZ         -16  KG6IYN        -12                                                      
QSO: 14074 DG 2020-12-14 2321 LU1DZ         -14  J73CC         +00                                                      
QSO: 14074 DG 2020-12-14 2324 LU1DZ         +05  HP1CDW        -08  Henry Lewi                                          
QSO: 14075 DG 2020-12-14 2335 LU1DZ         -07  YV4BCD        -11                                                      
QSO: 14075 DG 2020-12-14 2336 LU1DZ         -22  KE6AYK        -15  Russell J                                           
QSO: 14075 DG 2020-12-14 2340 LU1DZ         -09  LU4MH         -05  Aguilina T                                          
QSO: 14075 DG 2020-12-14 2351 LU1DZ         -21  AE7RN         -10  Sabin A St                                          
QSO: 14075 DG 2020-12-14 2357 LU1DZ         -14  W7USM         -16  Herman W S                                          
QSO: 14075 DG 2020-12-15 0000 LU1DZ         -12  KG7KDJ        -10  Julio C Qu                                          
QSO: 14074 DG 2020-12-15 0001 LU1DZ         -11  KF7R          -10  Fernando L                                          
QSO: 14075 DG 2020-12-15 0005 LU1DZ         +01  PY2SAO        +03  Sergio                                              
QSO: 14075 DG 2020-12-15 0007 LU1DZ         -10  HC1Y          -04  Fredhy F.                                           
QSO: 14074 DG 2020-12-15 0154 LU1DZ         -10  LT5X          -14  Radio Club                                          
QSO: 14075 DG 2020-12-15 1546 LU1DZ         -14  AO50UPC       -17  50 Anivers                                          
QSO: 14074 DG 2020-12-15 2050 LU1DZ         +07  ZD7MY         -17  Barrie Wil                                          
QSO: 14074 DG 2020-12-15 2055 LU1DZ         -17  8P6JK         +08  Courtney K K:0 A:3 SFI: 83 SUN: 25                  
END-OF-LOG:
