2020-12-13,16:46:15,2020-12-13,16:48:15,LU3DEG,GF05,7.075900,FT8,-17,-04,50W,Muchas gracias Daniel por el QSO. 73 de Luis.,
2020-12-13,17:40:00,2020-12-13,17:41:00,LU2AHD,GF05,7.075900,FT8,+21,+05,50W,Muchas gracias por el QSO. 73 de Luis.,
2020-12-13,20:09:45,2020-12-13,20:10:45,LU8EJU,GF15,7.075900,FT8,-07,-03,50W,Muchas gracias por el QSO. 73 de Luis.,
2020-12-13,21:11:45,2020-12-13,21:13:00,LU6ET,GF05,7.075900,FT8,-11,-13,50W,Muchas gracias por el QSO. 73 de Luis.,
2020-12-13,22:08:45,2020-12-13,22:09:15,PY4EV,GH80,7.075900,FT8,-11,-04,50W,Muchas gracias por el QSO. 73 de Luis.,
2020-12-13,23:09:45,2020-12-13,23:10:45,LW6EQG,FF95,7.075900,FT8,+00,-13,50W,Muchas gracias por el QSO. 73 de Luis.,
2020-12-13,23:14:15,2020-12-13,23:15:00,LU8DN,GF12,7.075900,FT8,-10,-05,50W,Muchas gracias por el QSO. 73 de Luis.,
2020-12-14,00:05:15,2020-12-14,00:06:45,LU9AEK,GF05,7.075900,FT8,-01,+01,50W,Muchas gracias por el QSO. 73 de Luis.,
2020-12-14,00:21:15,2020-12-14,00:22:30,PY5EF,GG54,7.075900,FT8,-20,-01,50W,Muchas gracias por el QSO. 73 de Luis.,
2020-12-14,02:11:45,2020-12-14,02:15:04,CE3AWG,FF46,7.075900,FT8,-19,-13,50W,Muchas gracias por el QSO. 73 de Luis.,
2020-12-14,15:53:15,2020-12-14,15:54:39,LU4HOQ,FF86,7.075900,FT8,-20,-11,50W,Muchas gracias por el QSO. 73 de Luis.,
2020-12-14,16:05:45,2020-12-14,16:06:45,LU8FMR,FF97,7.075900,FT8,-15,-15,50W,Muchas gracias por el QSO. 73 de Luis.,
2020-12-14,16:28:45,2020-12-14,16:29:45,LU5EPB,,7.075900,FT8,-01,+01,50W,Muchas gracias por el QSO. 73 de Luis.,
2020-12-14,20:55:00,2020-12-14,20:56:00,LU6DTJ,GF01,7.075900,FT8,-08,+13,50W,Muchas gracias por el QSO. 73 de Luis.,
2020-12-14,23:04:45,2020-12-14,23:05:45,PY2EBD,GG67,7.075900,FT8,-06,-08,50W,Muchas gracias por el QSO. 73 de Luis.,
2020-12-14,23:13:00,2020-12-14,23:14:30,PY2CX,GG66,7.075900,FT8,-07,-18,50W,Muchas gracias por el QSO. 73 de Luis.,
2020-12-14,23:15:30,2020-12-14,23:16:30,PP1WW,GG99,7.075900,FT8,-13,-15,50W,Muchas gracias por el QSO. 73 de Luis.,
2020-12-14,23:33:17,2020-12-14,23:33:17,LU4FYF,FF97,7.075900,FT8,-13,-22,50W,Muchas gracias por el QSO. 73 de Luis.,
2020-12-14,23:41:15,2020-12-14,23:43:15,LU1LS,GG02,7.075900,FT8,-11,-10,50W,Muchas gracias por el QSO. 73 de Luis.,
2020-12-15,00:12:45,2020-12-15,00:16:11,PY2FAC,GG77,7.075900,FT8,-20,-14,50W,Muchas gracias por el QSO. 73 de Luis.,
2020-12-15,00:20:15,2020-12-15,00:22:00,CP6GA,FH82,7.075900,FT8,-11,-10,50W,Muchas gracias por el QSO. 73 de Luis.,
2020-12-15,00:31:00,2020-12-15,00:32:00,PY5WW,GG54,7.075900,FT8,-03,-09,50W,Muchas gracias por el QSO. 73 de Luis.,
2020-12-15,00:33:30,2020-12-15,00:34:30,LU8GMM,GG02,7.075900,FT8,-06,-09,50W,Muchas gracias por el QSO. 73 de Luis.,
2020-12-15,00:35:45,2020-12-15,00:38:03,LU3FSA,GG01,7.075900,FT8,-08,-09,50W,Muchas gracias por el QSO. 73 de Luis.,
2020-12-15,01:51:15,2020-12-15,01:52:15,LU9DCB,GF05,7.075900,FT8,-12,-11,50W,Muchas gracias por el QSO. 73 de Luis.,

