START-OF-LOG: 2.0
ARRL-SECTION: DX
CALLSIGN: LU8ADX
CLUB: LU Contest Group
CONTEST: DX
CATEGORY: SINGLE-OP 40M LOW DIGITAL
CLAIMED-SCORE: 0
OPERATORS: LU8ADX
NAME: Diego Salom
ADDRESS: Suipacha 280 piso 1
ADDRESS: CABA, CF C1008AAF
ADDRESS: ARGENTINA
CREATED-BY: N1MM Logger+ 1.0.7841.0
QSO:  7075 DG 2020-12-14 0123 LU8ADX        -07  LU3FSA        -01                                                      
QSO:  7076 DG 2020-12-14 0327 LU8ADX        -13  UA9LL         -19                                                      
QSO:  7076 DG 2020-12-14 0328 LU8ADX        -18  UN7JOV        -15                                                      
QSO:  7076 DG 2020-12-14 0332 LU8ADX        -12  RX3DTN        -20                                                      
QSO:  7076 DG 2020-12-14 0333 LU8ADX        -18  N1UL          -20                                                      
QSO:  7076 DG 2020-12-14 0343 LU8ADX        -03  RV0AR         +02                                                      
QSO:  7076 DG 2020-12-14 0345 LU8ADX        -10  OA4DPQ        -08                                                      
QSO:  7076 DG 2020-12-14 0346 LU8ADX        -18  LU6UBM        -08                                                      
QSO:  7076 DG 2020-12-14 0348 LU8ADX        -13  LW1DYN        -16                                                      
QSO:  7076 DG 2020-12-14 0350 LU8ADX        -14  R6FY          -21                                                      
QSO:  7076 DG 2020-12-14 0352 LU8ADX        -11  A92GE         -18                                                      
QSO:  7076 DG 2020-12-14 0354 LU8ADX        -11  F6BPZ         -09                                                      
QSO:  7076 DG 2020-12-14 0401 LU8ADX        -20  EC3A          -17                                                      
QSO:  7076 DG 2020-12-14 0407 LU8ADX        -18  LW4DAF        -09                                                      
QSO:  7076 DG 2020-12-14 0410 LU8ADX        -14  HA8BT         -23                                                      
QSO:  7076 DG 2020-12-14 0412 LU8ADX        -14  UA9OSB        -12                                                      
QSO:  7076 DG 2020-12-14 0414 LU8ADX        -16  RT7L          -19                                                      
QSO:  7075 DG 2020-12-14 1406 LU8ADX        -06  LU3HTS        -02                                                      
QSO:  7075 DG 2020-12-14 1407 LU8ADX        -03  LU8GMM        -01                                                      
QSO:  7075 DG 2020-12-14 1408 LU8ADX        -04  LU3DO         -04                                                      
QSO:  7075 DG 2020-12-14 1410 LU8ADX        -02  LW5DMG        -06                                                      
QSO:  7075 DG 2020-12-14 1422 LU8ADX        +00  LU2AHD        +04                                                      
QSO:  7075 DG 2020-12-14 1426 LU8ADX        -02  LU3DEG        +13                                                      
QSO:  7075 DG 2020-12-14 1431 LU8ADX        -08  LU1HLH        +04                                                      
QSO:  7075 DG 2020-12-14 1433 LU8ADX        -08  LU1HLH        +04                                                      
QSO:  7075 DG 2020-12-14 1439 LU8ADX        +01  LU8AFR        -05                                                      
QSO:  7075 DG 2020-12-14 1446 LU8ADX        +00  LU3ADP        -08                                                      
QSO:  7075 DG 2020-12-14 1449 LU8ADX        -10  PY3NLA        +02                                                      
QSO:  7075 DG 2020-12-14 1451 LU8ADX        -10  LU7HDD        +02                                                      
QSO:  7075 DG 2020-12-14 1513 LU8ADX        -02  LU9JDZ        +07                                                      
QSO:  7075 DG 2020-12-14 1518 LU8ADX        -21  LU2TAO        -17                                                      
QSO:  7075 DG 2020-12-14 1521 LU8ADX        -09  CX1CV         -12                                                      
QSO:  7075 DG 2020-12-14 1523 LU8ADX        +03  LU8FMR        +06                                                      
QSO:  7075 DG 2020-12-14 1526 LU8ADX        -01  LU4ADW        +07                                                      
QSO:  7075 DG 2020-12-14 1533 LU8ADX        -11  LU4FYF        +02                                                      
QSO:  7075 DG 2020-12-14 1538 LU8ADX        -01  LW8DCF        -02                                                      
QSO:  7075 DG 2020-12-14 1541 LU8ADX        -09  LU5MBB        -12                                                      
QSO:  7075 DG 2020-12-14 1602 LU8ADX        -14  LU8EU         -14                                                      
QSO:  7075 DG 2020-12-14 1609 LU8ADX        -15  PY2BW         -19                                                      
QSO:  7075 DG 2020-12-14 1619 LU8ADX        -10  CE3TMM        -10                                                      
QSO:  7075 DG 2020-12-14 1622 LU8ADX        +03  CX8CJ         -03                                                      
QSO:  7075 DG 2020-12-14 1628 LU8ADX        +00  LU3EKW        +01                                                      
QSO:  7075 DG 2020-12-14 1647 LU8ADX        +00  LU5HL         +00                                                      
QSO:  7075 DG 2020-12-14 1706 LU8ADX        -01  CX1CAN        +13                                                      
QSO:  7075 DG 2020-12-14 1728 LU8ADX        +01  LU1DX         +13                                                      
QSO:  7075 DG 2020-12-14 1734 LU8ADX        -11  LU6DRN        -08                                                      
QSO:  7075 DG 2020-12-14 1741 LU8ADX        +01  LU8FMR        +09                                                      
QSO:  7075 DG 2020-12-14 1743 LU8ADX        -11  LW7ESL        -14                                                      
QSO:  7075 DG 2020-12-14 1759 LU8ADX        -01  LW5DR         +02                                                      
QSO:  7075 DG 2020-12-14 1818 LU8ADX        +02  LU9EKA        -09                                                      
QSO:  7075 DG 2020-12-14 1827 LU8ADX        +00  LW1DOW        +01                                                      
QSO:  7075 DG 2020-12-14 1839 LU8ADX        -02  LU9DJS        +05                                                      
QSO:  7075 DG 2020-12-14 1843 LU8ADX        +03  LU2JMG        -10                                                      
QSO:  7075 DG 2020-12-15 0253 LU8ADX        -01  PY5JO         +01                                                      
END-OF-LOG:
