START-OF-LOG: 3.0
CREATED-BY: EG logger Ver 1.1.37 (Beta)
CALLSIGN: LW6DLS
CONTEST: CAHF
CATEGORY-OPERATOR: SINGLE-OP
CATEGORY-BAND: 20m
CATEGORY-POWER: QRP
CATEGORY-ASSISTED: NON-ASSISTED
CATEGORY-MODE: MIXED
CATEGORY-STATION: FIXED
CATEGORY-TRANSMITTER: ONE
CATEGORY-OVERLAY: CLASSIC
CLUB: RADIO CLUB ARGENTINO
OPERATORS: HILARIO
CLAIMED-SCORE: 
NAME: Josè Hilario De Sà
ADDRESS: Juan Bautista La Salle 4045
ADDRESS-CITY: Gonzalez Catan
ADDRESS-STATE-PROVINCE: Buenos Aires
ADDRESS-POSTALCODE: 1759
ADDRESS-COUNTRY: Argentina
EMAIL: lw6dls@hotmail.com
SOAPBOX: ECLIPSE SOLAR 2020
SOAPBOX: 
QSO: 14075 CW 2020-12-13 1502 LW6DLS        -02        LU3FSA        +05         
QSO: 14074 CW 2020-12-13 1531 LW6DLS        +03        CE6FYN        +04         
QSO: 14075 CW 2020-12-13 1540 LW6DLS        -02        LU2EM         -11         
QSO: 14075 CW 2020-12-13 1550 LW6DLS        +20        LU5HL         +00         
QSO: 14075 CW 2020-12-13 1713 LW6DLS        -13        LU8DDG        -24         
QSO: 14075 CW 2020-12-13 1755 LW6DLS        -01        CE3TLI        -11         
QSO: 14075 CW 2020-12-13 1802 LW6DLS        -15        LT5X          -20         
QSO: 14075 CW 2020-12-13 1803 LW6DLS        +14        CE2NRL        -01         
QSO: 14075 CW 2020-12-13 1815 LW6DLS        -12        LU1DZ         -16         
QSO: 14075 CW 2020-12-13 1914 LW6DLS        +16        LU9EMP        +15         
QSO: 14075 CW 2020-12-13 1919 LW6DLS        +14        CE3TLI        -09         
QSO: 14075 CW 2020-12-13 1929 LW6DLS        +11        LU2VH         +04         
QSO: 14075 CW 2020-12-13 1932 LW6DLS        -09        AC3GH         -18         
QSO: 14075 CW 2020-12-13 1952 LW6DLS        +15        CE2SPR        -01         
QSO: 14075 CW 2020-12-13 2013 LW6DLS        +01        CX2DAJ        -15         
QSO: 14075 CW 2020-12-13 2024 LW6DLS        -14        KC3PJG        -21         
QSO: 14075 CW 2020-12-13 2028 LW6DLS        -21        KC3PJG        -21         
QSO: 14075 CW 2020-12-13 2043 LW6DLS        -14        VE3MNX        -24         
QSO: 14075 CW 2020-12-13 2139 LW6DLS        -14        W6LUX         -17         
QSO: 14075 CW 2020-12-13 2141 LW6DLS        --1        W6LUX         -17         
QSO: 14075 CW 2020-12-13 2151 LW6DLS        -11        W8TL          -15         
QSO: 14075 CW 2020-12-13 2206 LW6DLS        -03        LU5MBB        +03         
QSO: 14075 CW 2020-12-13 2210 LW6DLS        -18        K4CY          -24         
QSO: 14075 CW 2020-12-13 2212 LW6DLS        -17        KG4BCN        -14         
QSO: 14075 CW 2020-12-13 2224 LW6DLS        +01        LU7IAC        -10         
QSO: 14075 CW 2020-12-13 2230 LW6DLS        -15        NU9TS         -13         
QSO: 14075 CW 2020-12-13 2234 LW6DLS        -09        JA1UTZ        -16         
QSO: 14075 CW 2020-12-13 2235 LW6DLS        -02        JJ1TBK        -13         
QSO: 14075 CW 2020-12-13 2245 LW6DLS        -17        KQ4UH         -09         
QSO: 14075 CW 2020-12-13 2251 LW6DLS        -15        W9MDB         -20         
QSO: 14075 CW 2020-12-13 2251 LW6DLS        -15        KC0LET        -15         
QSO: 14075 CW 2020-12-14 0317 LW6DLS        -07        JK1BSZ        -22         
QSO: 14075 CW 2020-12-14 0319 LW6DLS        -05        JP1LRT        -14         
QSO: 14075 CW 2020-12-14 0320 LW6DLS        +07        HL5BLI        -14         
QSO: 14075 CW 2020-12-14 0339 LW6DLS        -09        UA9YE         -20         
QSO: 14075 CW 2020-12-14 0342 LW6DLS        -14        JA2LWA        -21         
QSO: 14075 CW 2020-12-14 0348 LW6DLS        -13        JA2EDG        -13         
QSO: 14075 CW 2020-12-14 0350 LW6DLS        -09        JH8OCV        +03         
QSO: 14075 CW 2020-12-14 0352 LW6DLS        -13        JE1KDI        -14         
QSO: 14075 CW 2020-12-14 0354 LW6DLS        -15        KB6C          -03         
QSO: 14075 CW 2020-12-14 0355 LW6DLS        -11        JA2EDG        -18         
QSO: 14075 CW 2020-12-14 0357 LW6DLS        -12        JA1LZB        -18         
QSO: 14075 CW 2020-12-14 0359 LW6DLS        -10        JA8ABZ        -15         
QSO: 14075 CW 2020-12-14 0400 LW6DLS        -04        JI1SCR        +02         
QSO: 14075 CW 2020-12-14 0404 LW6DLS        -04        JK1SOO        -12         
QSO: 14075 CW 2020-12-14 0408 LW6DLS        -10        R9YQ          -19         
QSO: 14075 CW 2020-12-14 0411 LW6DLS        -06        RQ1A          -12         
QSO: 14075 CW 2020-12-14 0414 LW6DLS        -02        R9UTW         -11         
QSO: 14075 CW 2020-12-14 0416 LW6DLS        +01        R9HAK         -11         
QSO: 14075 CW 2020-12-14 0418 LW6DLS        -01        R9UBE         -10         
QSO: 14075 CW 2020-12-14 0419 LW6DLS        -06        RZ9O          -12         
QSO: 14075 CW 2020-12-14 0425 LW6DLS        +05        JR7VHZ        -08         
QSO: 14075 CW 2020-12-14 0426 LW6DLS        +01        R2ET/9        -15         
QSO: 14075 CW 2020-12-14 0429 LW6DLS        -10        JQ1GEV        -15         
QSO: 14075 CW 2020-12-14 0432 LW6DLS        -04        JA1UQA        -12         
QSO: 14075 CW 2020-12-14 0434 LW6DLS        -11        W1JAR         -17         
QSO: 14075 CW 2020-12-14 0441 LW6DLS        -12        FK8GU         -03         
QSO: 14075 CW 2020-12-14 0447 LW6DLS        -04        HK1UIU/4      -18         
QSO: 14075 CW 2020-12-14 0452 LW6DLS        -16        AA9TL         +00         
QSO: 14075 CW 2020-12-14 0454 LW6DLS        -08        JA1HOX        -08         
QSO: 14075 CW 2020-12-14 0459 LW6DLS        -03        KN4CPW        -17         
QSO: 14075 CW 2020-12-14 0505 LW6DLS        -15        KD5HUS        -15         
QSO: 14075 CW 2020-12-14 0508 LW6DLS        -06        KC3FOI        -04         
QSO: 14075 CW 2020-12-14 0509 LW6DLS        +20        LU1DLA        +04         
QSO: 14075 CW 2020-12-14 0513 LW6DLS        -07        KC3OND        -05         
QSO: 14075 CW 2020-12-14 0517 LW6DLS        -11        VA3BOF        -11         
QSO: 14075 CW 2020-12-14 0520 LW6DLS        -09        KC1RLS        -06         
QSO: 14075 CW 2020-12-14 0523 LW6DLS        -06        W2            +00         
QSO: 14075 CW 2020-12-14 0525 LW6DLS        -09        WM4RT         -12         
QSO: 14075 CW 2020-12-14 1240 LW6DLS        -01        LU8GMM        -18         
QSO: 14075 CW 2020-12-14 1249 LW6DLS        -02        PY5EJ         +00         
QSO: 14075 CW 2020-12-14 1253 LW6DLS        -11        GJ0KYZ        -14         
QSO: 14075 CW 2020-12-14 1255 LW6DLS        -16        PY1ASN        -16         
QSO: 14075 CW 2020-12-14 1312 LW6DLS        -16        LW3DMA        -24         
QSO: 14075 CW 2020-12-14 1318 LW6DLS        -17        LU4TC         -01         
QSO: 14075 CW 2020-12-14 1339 LW6DLS        -08        F4TJI         -13         
QSO: 14075 CW 2020-12-14 1341 LW6DLS        -15        F6BHK         -18         
QSO: 14075 CW 2020-12-14 1349 LW6DLS        +21        PY2BBQ        +09         
QSO: 14075 CW 2020-12-14 1357 LW6DLS        +08        PY1ME         -04         
QSO: 14075 CW 2020-12-14 1419 LW6DLS        +05        PT2TF         +02         
QSO: 14075 CW 2020-12-14 1436 LW6DLS        -15        NP3DM         -09         
QSO: 14075 CW 2020-12-14 1522 LW6DLS        -19        LU8GMM        -16         
QSO: 14075 CW 2020-12-14 1537 LW6DLS        -18        IX1TRX        -18         
QSO: 14075 CW 2020-12-14 1539 LW6DLS        -02        IX1TRX        -15         
QSO: 14075 CW 2020-12-14 1540 LW6DLS        -02        F6CBL         -15         
QSO: 14075 CW 2020-12-14 1551 LW6DLS        -16        LU6HR         -08         
QSO: 14075 CW 2020-12-14 1553 LW6DLS        -09        F1USN         -21         
QSO: 14075 CW 2020-12-14 1607 LW6DLS        +06        CP6GA         -01         
QSO: 14075 CW 2020-12-14 1639 LW6DLS        -01        IK2XDF        -24         
QSO: 14075 CW 2020-12-14 1644 LW6DLS        -15        9A7Y          -15         
QSO: 14075 CW 2020-12-14 1648 LW6DLS        -14        9A7Y          -21         
QSO: 14075 CW 2020-12-14 1657 LW6DLS        -11        F6CAM         -11         
QSO: 14075 CW 2020-12-14 1659 LW6DLS        +00        CE1PTT        -15         
QSO: 14075 CW 2020-12-14 1705 LW6DLS        -15        F2YT          SWR         
QSO: 14075 CW 2020-12-14 1708 LW6DLS        +02        PY2PWL        -03         
QSO: 14075 CW 2020-12-14 1711 LW6DLS        +05        PY2PWL        -03         
QSO: 14075 CW 2020-12-14 1730 LW6DLS        +01        CE5MRA        -17         
QSO: 14075 CW 2020-12-14 1737 LW6DLS        +04        PP5HR         -06         
QSO: 14075 CW 2020-12-14 1745 LW6DLS        -02        CE6FYN        -06         
QSO: 14075 CW 2020-12-14 1746 LW6DLS        -23        W1BUB         SWR         
QSO: 14075 CW 2020-12-14 1816 LW6DLS        -10        LW4EOV        -19         
QSO: 14075 CW 2020-12-14 2037 LW6DLS        -04        4Z5ML         -22         
QSO: 14075 CW 2020-12-14 2038 LW6DLS        -11        W8PB          -23         
QSO: 14075 CW 2020-12-14 2039 LW6DLS        -20        K1SO          -17         
QSO: 14075 CW 2020-12-14 2055 LW6DLS        +07        LT5X          -02         
QSO: 14075 CW 2020-12-14 2100 LW6DLS        -20        PY2PJ         -20         
QSO: 14075 CW 2020-12-14 2115 LW6DLS        -12        KN4ULT        -14         
QSO: 14075 CW 2020-12-14 2120 LW6DLS        -19        IW8RQA        -19         
QSO: 14075 CW 2020-12-14 2124 LW6DLS        -16        KO4DON        -14         
QSO: 14075 CW 2020-12-14 2133 LW6DLS        -04        JH1GJY        -07         
QSO: 14075 CW 2020-12-14 2144 LW6DLS        -21        KB1HKN        -18         
QSO: 14075 CW 2020-12-14 2148 LW6DLS        -09        N8RKC         -16         
QSO: 14075 CW 2020-12-14 2151 LW6DLS        -05        WB3BOT        +08         
QSO: 14075 CW 2020-12-14 2205 LW6DLS        +06        PP5BBN        -13         
QSO: 14075 CW 2020-12-14 2217 LW6DLS        -07        K1WZC         -11         
QSO: 14075 CW 2020-12-14 2223 LW6DLS        -17        W4LLJ         -20         
QSO: 14075 CW 2020-12-14 2227 LW6DLS        -08        N1AYA         -03         
QSO: 14075 CW 2020-12-14 2238 LW6DLS        -14        KF6LLC        -09         
QSO: 14075 CW 2020-12-14 2244 LW6DLS        -05        HK2AQ         -20         
QSO: 14075 CW 2020-12-14 2248 LW6DLS        -16        N1RNJ         -16         
QSO: 14075 CW 2020-12-14 2250 LW6DLS        -12        N1RNJ         -06         
QSO: 14075 CW 2020-12-14 2251 LW6DLS        +13        CE4BRO        +01         
QSO: 14075 CW 2020-12-14 2259 LW6DLS        -16        KN4ZPG        -06         
QSO: 14075 CW 2020-12-14 2302 LW6DLS        -06        KE0TFY        SWR         
QSO: 14075 CW 2020-12-14 2307 LW6DLS        -10        N1RNJ         -10         
QSO: 14075 CW 2020-12-14 2309 LW6DLS        -13        KN6JHT        -09         
QSO: 14075 CW 2020-12-14 2312 LW6DLS        -09        XE2EX         SWR         
QSO: 14075 CW 2020-12-14 2314 LW6DLS        -16        KE7MU         -08         
QSO: 14075 CW 2020-12-14 2316 LW6DLS        -12        W0AIR         +00         
QSO: 14075 CW 2020-12-14 2317 LW6DLS        -17        K5TLJ         -19         
QSO: 14075 CW 2020-12-14 2321 LW6DLS        -12        KE0ME         -14         
QSO: 14075 CW 2020-12-14 2323 LW6DLS        -16        KG5OLD        -17         
QSO: 14075 CW 2020-12-14 2326 LW6DLS        -08        KI7SBE        -03         
QSO: 14075 CW 2020-12-14 2329 LW6DLS        -07        HI8MDQ        -14         
QSO: 14075 CW 2020-12-14 2335 LW6DLS        +10        W6SLZ         -06         
QSO: 14075 CW 2020-12-14 2337 LW6DLS        -05        W2RIP         SWR         
QSO: 14075 CW 2020-12-14 2343 LW6DLS        -10        WX2CX         -12         
QSO: 14075 CW 2020-12-14 2345 LW6DLS        -12        W7WHW         -13         
QSO: 14075 CW 2020-12-14 2347 LW6DLS        -02        AE7RN         -06         
QSO: 14075 CW 2020-12-14 2350 LW6DLS        -03        N7FN          -13         
QSO: 14075 CW 2020-12-14 2352 LW6DLS        -13        N7KZ          -09         
QSO: 14075 CW 2020-12-14 2354 LW6DLS        -09        KJ7JS         -08         
QSO: 14075 CW 2020-12-14 2355 LW6DLS        -08        VE7DIO        -16         
QSO: 14075 CW 2020-12-15 0000 LW6DLS        -22        AJ6QH         -16         
QSO: 14075 CW 2020-12-15 0003 LW6DLS        -10        WA6PPG        +00         
QSO: 14075 CW 2020-12-15 0006 LW6DLS        -09        AI7MH/P       -08         
QSO: 14075 CW 2020-12-15 0021 LW6DLS        +01        K6KMH         -06         
QSO: 14075 CW 2020-12-15 0024 LW6DLS        +03        AA4M          +01         
QSO: 14075 CW 2020-12-15 0026 LW6DLS        +12        N6QQ          -11         
QSO: 14075 CW 2020-12-15 0027 LW6DLS        -04        KI8N          -01         
QSO: 14075 CW 2020-12-15 0030 LW6DLS        +00        CE2WKI        -15         
QSO: 14075 CW 2020-12-15 0036 LW6DLS        -04        LU2MCX        -09         
QSO: 14075 CW 2020-12-15 0037 LW6DLS        -12        N6DLC         SWR         
QSO: 14075 CW 2020-12-15 0046 LW6DLS        +11        PZ2YT         -12         
QSO: 14075 CW 2020-12-15 0050 LW6DLS        -01        BH2RMF        -22         
QSO: 14075 CW 2020-12-15 0052 LW6DLS        -13        JA7FLI        -16         
QSO: 14075 CW 2020-12-15 0057 LW6DLS        -08        RA0CGY        -17         
QSO: 14075 CW 2020-12-15 0103 LW6DLS        -17        KD2SCZ        -19         
QSO: 14075 CW 2020-12-15 0106 LW6DLS        -14        JA5ILM        -12         
QSO: 14075 CW 2020-12-15 0108 LW6DLS        -03        JH6SQZ        -16         
QSO: 14075 CW 2020-12-15 0122 LW6DLS        +01        BD6JN         -22         
QSO: 14075 CW 2020-12-15 0124 LW6DLS        +03        JG8FWH        -08         
QSO: 14075 CW 2020-12-15 0158 LW6DLS        -10        NP3DM         -02         
QSO: 14075 CW 2020-12-15 0206 LW6DLS        -03        KJ0I          -21         
QSO: 14075 CW 2020-12-15 0211 LW6DLS        -05        WC4H          +02         
QSO: 14075 CW 2020-12-15 0219 LW6DLS        -05        N9ATD         -16         
QSO: 14075 CW 2020-12-15 0233 LW6DLS        -05        JA1NLC        -11         
QSO: 14075 CW 2020-12-15 0235 LW6DLS        -13        JA4JBQ        +00         
QSO: 14075 CW 2020-12-15 0239 LW6DLS        -08        JF1DMW        -20         
QSO: 14075 CW 2020-12-15 0243 LW6DLS        -08        JA1PAD        -13         
QSO: 14075 CW 2020-12-15 0245 LW6DLS        -07        JI1CRM        -14         
QSO: 14075 CW 2020-12-15 0248 LW6DLS        -13        7M4EAO        SWR         
QSO: 14075 CW 2020-12-15 0250 LW6DLS        -09        JA1BZF        -21         
QSO: 14075 CW 2020-12-15 0253 LW6DLS        -11        JE1HIM        -20         
QSO: 14075 CW 2020-12-15 0254 LW6DLS        -12        K3LBH         -17         
QSO: 14075 CW 2020-12-15 0256 LW6DLS        -11        JA3EXJ        -18         
QSO: 14075 CW 2020-12-15 0300 LW6DLS        -11        JA1KLW        -18         
QSO: 14075 CW 2020-12-15 0303 LW6DLS        -14        K6JFP         -10         
QSO: 14075 CW 2020-12-15 0305 LW6DLS        -01        JS2IWW        -07         
QSO: 14075 CW 2020-12-15 0310 LW6DLS        -15        JA7FLI        -13         
QSO: 14075 CW 2020-12-15 0314 LW6DLS        -15        N8PES         -19         
QSO: 14075 CW 2020-12-15 0320 LW6DLS        -11        WA2CLX        -15         
QSO: 14075 CW 2020-12-15 0322 LW6DLS        -09        WB8JUI        -02         
QSO: 14075 CW 2020-12-15 0324 LW6DLS        -08        VE2JMO        -10         
QSO: 14075 CW 2020-12-15 0327 LW6DLS        -14        JA1PCM        -17         
QSO: 14075 CW 2020-12-15 0329 LW6DLS        -02        JA7DFD        -13         
QSO: 14075 CW 2020-12-15 0335 LW6DLS        -15        KN4ANO        -14         
QSO: 14075 CW 2020-12-15 0340 LW6DLS        -11        N0JLO         -18         
QSO: 14075 CW 2020-12-15 0349 LW6DLS        +01        KQ2Y          +05         
QSO: 14075 CW 2020-12-15 0353 LW6DLS        -12        KB2ELA        -04         
QSO: 14075 CW 2020-12-15 0353 LW6DLS        -03        TI3RCS        +04         
QSO: 14075 CW 2020-12-15 0357 LW6DLS        +00        WB6UNG        -10         
QSO: 14075 CW 2020-12-15 0408 LW6DLS        -17        JF1OVM        -22         
QSO: 14075 CW 2020-12-15 0410 LW6DLS        -04        KC2ZOR        -04         
QSO: 14075 CW 2020-12-15 0411 LW6DLS        -09        JA7DSQ        -08         
QSO: 14075 CW 2020-12-15 0413 LW6DLS        -17        K8RDG         SWR         
QSO: 14075 CW 2020-12-15 0416 LW6DLS        -14        JR7XKN        -05         
QSO: 14075 CW 2020-12-15 1313 LW6DLS        -11        NP3DM         -03         
QSO: 14075 CW 2020-12-15 1338 LW6DLS        -07        LU1ETR        -11         
QSO: 14075 CW 2020-12-15 1348 LW6DLS        -08        LU8EMI        -05         
END-OF-LOG:
