START-OF-LOG: 3.0
CONTEST: EPE-SOLAR 2020
CALLSIGN: LU2AHD
CATEGORY-OPERATOR: SINGLE-OP
CATEGORY-BAND: 40M
CATEGORY-MODE: FT8
CATEGORY-POWER: LOW - 50W 
CATEGORY-TRANSMITTER: ONE
CATEGORY-STATION: FIXED
CATEGORY-ASSISTED: ASSISTED
GRID LOCATION: GF05sj
CLAIMED-SCORE: 44
CLUB:
NAME: DANIEL DI LELLA
ADDRESS: BOLIVIA 1676 - CABA 
ADDRESS: CIUDAD AUTONOMA DE BUENOS AIRES
ADDRESS: ARGENTINA
OPERATORS: LU2AHD
CREATED-BY: ADIF2CABR V.3.10 (C) SP7DQR
EMAIL: danydilella@gmail.com
QSO:  7075 FT 2020-12-13 1506 LU2AHD        +00  LU3HT/H       +02  
QSO:  7075 FT 2020-12-13 1510 LU2AHD        -06  LW7EDH        +06  
QSO:  7075 FT 2020-12-13 1522 LU2AHD        -02  LU2FHX        +13  
QSO:  7075 FT 2020-12-13 1523 LU2AHD        -04  LU4HE         +02  
QSO:  7075 FT 2020-12-13 1528 LU2AHD        -14  LU9VMF        -19  
QSO:  7075 FT 2020-12-13 1549 LU2AHD        +00  LW9DCR        -01  
QSO:  7076 FT 2020-12-13 1551 LU2AHD        -05  LU4LG/L       -02  
QSO:  7075 FT 2020-12-13 1553 LU2AHD        -08  LU7HBL        -01  
QSO:  7074 FT 2020-12-13 1558 LU2AHD        +01  LU1JKN        +01  
QSO:  7075 FT 2020-12-13 1606 LU2AHD        -10  LU1MQF        -07  
QSO:  7075 FT 2020-12-13 1730 LU2AHD        -03  CX2SA         +15  
QSO:  7075 FT 2020-12-13 1739 LU2AHD        +05  LU1CBQ        +21  
QSO:  7076 FT 2020-12-13 1748 LU2AHD        -05  LU7HDD        +00  
QSO:  7075 FT 2020-12-13 1750 LU2AHD        +05  LU7DZV/D      +02  
QSO:  7074 FT 2020-12-13 1759 LU2AHD        -09  LU6ECO        +19  
QSO:  7076 FT 2020-12-13 1833 LU2AHD        +01  CX8CJ         +01  
QSO:  7076 FT 2020-12-13 1840 LU2AHD        +01  LU3DEG        +01  
QSO:  7075 FT 2020-12-13 1906 LU2AHD        -13  LU9DJS        +05  
QSO:  7075 FT 2020-12-13 1909 LU2AHD        -02  LU8FMR        +11  
QSO:  7075 FT 2020-12-13 1908 LU2AHD        -16  CX8BIT        +03  
QSO:  7075 FT 2020-12-13 1932 LU2AHD        +00  LW8DAL        +02  
QSO:  7075 FT 2020-12-13 1950 LU2AHD        +02  LU4DTD        +06  
QSO:  7074 FT 2020-12-13 2000 LU2AHD        -05  LU8EJU        +14  
QSO:  7075 FT 2020-12-13 2005 LU2AHD        +00  LU8DY         +06  
QSO:  7075 FT 2020-12-13 2008 LU2AHD        -01  LU3QBQ        +06  
QSO:  7076 FT 2020-12-13 2016 LU2AHD        -03  LU1PAA        -06  
QSO:  7075 FT 2020-12-13 2022 LU2AHD        -07  LU5CQC        +06  
QSO:  7075 FT 2020-12-13 2027 LU2AHD        -03  LW8EXS        +03  
QSO:  7074 FT 2020-12-13 2035 LU2AHD        -25  PY2EBD        -07  
QSO:  7075 FT 2020-12-13 2038 LU2AHD        -10  LU1FJP        -13  
QSO:  7075 FT 2020-12-13 2042 LU2AHD        -19  CE3BKN        +08  
QSO:  7075 FT 2020-12-13 2045 LU2AHD        -05  LU2VH         +05  
QSO:  7075 FT 2020-12-13 2047 LU2AHD        -05  LU9JDZ        +16  
QSO:  7076 FT 2020-12-13 2051 LU2AHD        -09  LU3DJB        -08  
QSO:  7075 FT 2020-12-13 2055 LU2AHD        -17  LU8HSY        -10  
QSO:  7075 FT 2020-12-13 2056 LU2AHD        +01  LU8EHV        +03  
QSO:  7075 FT 2020-12-13 2059 LU2AHD        -12  LW5DIE        -01  
QSO:  7075 FT 2020-12-13 2102 LU2AHD        -09  LU6ET         +01  
QSO:  7075 FT 2020-12-13 2108 LU2AHD        -17  LU6UBM        +10  
QSO:  7076 FT 2020-12-13 2111 LU2AHD        -04  LU8EU         -17  
QSO:  7075 FT 2020-12-13 2114 LU2AHD        +03  LW6EQG        +08  
QSO:  7076 FT 2020-12-13 2115 LU2AHD        +00  LW7EDH        +04  
QSO:  7076 FT 2020-12-13 2117 LU2AHD        -13  LW2DQC        -05  
QSO:  7075 FT 2020-12-13 2119 LU2AHD        +00  LU1DA         +03  
QSO:  7075 FT 2020-12-13 2137 LU2AHD        +01  L50FV         -01  
QSO:  7075 FT 2020-12-13 2138 LU2AHD        -01  LU5MBB        +00  
QSO:  7076 FT 2020-12-13 2140 LU2AHD        -04  LU4EJ         -03  
QSO:  7074 FT 2020-12-13 2141 LU2AHD        -15  PY2WLM        -10  
QSO:  7074 FT 2020-12-13 2144 LU2AHD        -16  PY4AML        -14  
QSO:  7074 FT 2020-12-13 2155 LU2AHD        -11  CX1BV         -02  
QSO:  7075 FT 2020-12-13 2200 LU2AHD        -15  PY2DN         -13  
QSO:  7076 FT 2020-12-14 0108 LU2AHD        -17  PY2AID        -12  
QSO:  7075 FT 2020-12-14 0110 LU2AHD        -07  PY5XT         -11  
QSO:  7075 FT 2020-12-14 0115 LU2AHD        +00  L72P          -03  
QSO:  7075 FT 2020-12-14 0119 LU2AHD        -07  LU3QDF        -02  
QSO:  7076 FT 2020-12-14 0130 LU2AHD        -23  LU3PI         -13  
QSO:  7075 FT 2020-12-14 0135 LU2AHD        -20  CE2UZQ        -09  
QSO:  7075 FT 2020-12-14 0139 LU2AHD        -15  LU2NGR        -10  
QSO:  7076 FT 2020-12-14 0142 LU2AHD        +06  LU7BCS        +29  
QSO:  7075 FT 2020-12-14 0144 LU2AHD        -04  LU3FSA        -03  
QSO:  7075 FT 2020-12-14 0148 LU2AHD        -15  PY2GK         -13  
QSO:  7075 FT 2020-12-14 0155 LU2AHD        +02  LW2EIY        -02  
QSO:  7075 FT 2020-12-14 0153 LU2AHD        -03  LU1DW         -01  
QSO:  7074 FT 2020-12-14 0206 LU2AHD        -03  CE3AWG        +03  
QSO:  7075 FT 2020-12-14 0215 LU2AHD        -03  LU4TC         +03  
QSO:  7075 FT 2020-12-14 0220 LU2AHD        -09  LU9VYY        -05  
QSO:  7074 FT 2020-12-14 0227 LU2AHD        -12  LW1DYN        -20  
QSO:  7074 FT 2020-12-14 0230 LU2AHD        -15  PY4WL         -15  
QSO:  7076 FT 2020-12-14 0233 LU2AHD        -07  PY2BS         +02  
QSO:  7074 FT 2020-12-14 0237 LU2AHD        +04  LU5YBR        +00  
QSO:  7075 FT 2020-12-14 1421 LU2AHD        +04  LU8ADX        +00  
QSO:  7075 FT 2020-12-14 1423 LU2AHD        +01  LU6BHB        +02  
QSO:  7075 FT 2020-12-14 1427 LU2AHD        -04  LU3DO         -04  
QSO:  7075 FT 2020-12-14 1436 LU2AHD        -18  LU2TAO        -13  
QSO:  7076 FT 2020-12-14 1439 LU2AHD        +15  LU5ECK        -01  
QSO:  7075 FT 2020-12-14 1441 LU2AHD        +02  LU8AFR        -06  
QSO:  7075 FT 2020-12-14 1442 LU2AHD        -11  LW7ESL        -12  
QSO:  7075 FT 2020-12-14 1445 LU2AHD        -03  LU1HLH        +06  
QSO:  7075 FT 2020-12-14 1448 LU2AHD        -11  LW5DMG        +03  
QSO:  7075 FT 2020-12-14 1451 LU2AHD        +00  LU8GCJ        -07  
QSO:  7075 FT 2020-12-14 1455 LU2AHD        +02  LU4HOQ        +05  
QSO:  7075 FT 2020-12-14 1458 LU2AHD        +01  LU1DLA        +01  
QSO:  7075 FT 2020-12-14 1503 LU2AHD        +06  LU8ART        +11  
QSO:  7075 FT 2020-12-14 1510 LU2AHD        +01  LU8FMR        +07  
QSO:  7075 FT 2020-12-14 1515 LU2AHD        +04  LU4ADW        +14  
QSO:  7075 FT 2020-12-14 1517 LU2AHD        +04  LU6BHB        +03  
QSO:  7075 FT 2020-12-14 1520 LU2AHD        +03  LU3DEG        +14  
QSO:  7075 FT 2020-12-14 1522 LU2AHD        +00  LW3DMA        +00  
QSO:  7074 FT 2020-12-14 1529 LU2AHD        +03  LU8FMR        +07  
QSO:  7075 FT 2020-12-14 1534 LU2AHD        +02  LU4FYF        +09  
QSO:  7075 FT 2020-12-14 1541 LU2AHD        -05  LU9JDZ        +14  
QSO:  7075 FT 2020-12-14 1543 LU2AHD        -14  LU3AJL        +10  
QSO:  7076 FT 2020-12-14 1545 LU2AHD        -01  LW8DCF        +04  
QSO:  7076 FT 2020-12-14 1547 LU2AHD        -02  LW5DMG        +08  
QSO:  7075 FT 2020-12-14 1602 LU2AHD        +04  CX1CAN        +15  
QSO:  7076 FT 2020-12-14 1604 LU2AHD        -09  LU8EU         -02  
QSO:  7075 FT 2020-12-14 1606 LU2AHD        -05  CX1CV         -09  
QSO:  7075 FT 2020-12-14 1608 LU2AHD        -19  CE3AWG        -03  
QSO:  7075 FT 2020-12-14 1611 LU2AHD        -05  CE3TMM        -12  
QSO:  7074 FT 2020-12-14 1615 LU2AHD        +04  LU8AJM        +06  
QSO:  7075 FT 2020-12-14 1620 LU2AHD        -24  CP6GA         -15  
QSO:  7075 FT 2020-12-14 1627 LU2AHD        -03  CE3TMM        -13  
QSO:  7075 FT 2020-12-14 1756 LU2AHD        -05  CX1AZ         +10  
QSO:  7075 FT 2020-12-14 1800 LU2AHD        +03  LU1DX         +24  
QSO:  7075 FT 2020-12-14 1804 LU2AHD        -02  LW1DOW        +07  
QSO:  7075 FT 2020-12-14 1831 LU2AHD        +07  LW1DBV        +10  
QSO:  7075 FT 2020-12-14 1835 LU2AHD        -11  LT2V          -08  
QSO:  7075 FT 2020-12-14 1836 LU2AHD        +01  LU9EKA        -08  
QSO:  7075 FT 2020-12-14 1838 LU2AHD        +06  LU2JMG        -09  
QSO:  7075 FT 2020-12-14 1905 LU2AHD        -01  LU8HRP        -05  
QSO:  7075 FT 2020-12-14 1934 LU2AHD        +03  LU5DT         -01  
QSO:  7074 FT 2020-12-14 1938 LU2AHD        +04  CX3OE         +02  
QSO:  7075 FT 2020-12-14 2130 LU2AHD        +06  LU5FPI        -16  
QSO:  7074 FT 2020-12-14 2133 LU2AHD        -11  PY2EBD        -04  
QSO:  7075 FT 2020-12-14 2136 LU2AHD        -01  PY3BEG        -06  
QSO:  7076 FT 2020-12-14 2138 LU2AHD        -03  PP5ASC        -03  
QSO:  7076 FT 2020-12-14 2140 LU2AHD        +01  LU3DCS        +11  
QSO:  7074 FT 2020-12-14 2142 LU2AHD        +03  LW4DHB        +11  
QSO:  7075 FT 2020-12-14 2150 LU2AHD        -05  CE5MRA        +00  
QSO:  7074 FT 2020-12-14 2207 LU2AHD        +01  LU6DTJ        +21  
QSO:  7075 FT 2020-12-14 2208 LU2AHD        +00  LU1HYW/H      -13  
QSO:  7075 FT 2020-12-14 2213 LU2AHD        -07  LW7ESL        -14  
QSO:  7075 FT 2020-12-14 2220 LU2AHD        -12  LU7CC         +19  
QSO:  7075 FT 2020-12-14 2226 LU2AHD        -04  PY2OF         -13  
QSO:  7076 FT 2020-12-14 2229 LU2AHD        -07  PY3TO         -08  
QSO:  7074 FT 2020-12-14 2234 LU2AHD        -03  LU9EKQ        +04  
QSO:  7075 FT 2020-12-14 2201 LU2AHD        -02  LU3IA/A       +02  
QSO:  7075 FT 2020-12-14 2242 LU2AHD        +02  LU1FJT        +05  
QSO:  7075 FT 2020-12-14 2245 LU2AHD        -06  PT9MD         -03  
QSO:  7075 FT 2020-12-14 2256 LU2AHD        +03  CX2JO         -01  
QSO:  7075 FT 2020-12-14 2258 LU2AHD        -15  LU1NF         -05  
QSO:  7076 FT 2020-12-14 2308 LU2AHD        -10  PP2CS         -13  
QSO:  7076 FT 2020-12-14 2347 LU2AHD        -04  PY5WW         -04  
QSO:  7076 FT 2020-12-14 2354 LU2AHD        -18  LU9XJR        -13  
QSO:  7074 FT 2020-12-14 2358 LU2AHD        -01  LU2MCX        +10  
QSO:  7076 FT 2020-12-14 2354 LU2AHD        -18  LU9XJR        -13  
QSO:  7074 FT 2020-12-15 0112 LU2AHD        -03  PY5JO         -07  
QSO:  7075 FT 2020-12-15 0119 LU2AHD        -10  CE4WT         -03  
QSO:  7076 FT 2020-12-15 0124 LU2AHD        -08  CE2SCZ        -03  
QSO:  7076 FT 2020-12-15 0135 LU2AHD        -09  PT2ZXR        -05  
QSO:  7075 FT 2020-12-15 0144 LU2AHD        -17  LU7FUF        -15  
QSO:  7076 FT 2020-12-15 0145 LU2AHD        +07  LU1CFU        +10  
QSO:  7076 FT 2020-12-15 0151 LU2AHD        +00  LU9TUX        -10  
QSO:  7075 FT 2020-12-15 0155 LU2AHD        -14  LQ4D/D        -05  
END-OF-LOG:
