START-OF-LOG: 3.0
CONTEST: AP-SPRINT
CALLSIGN: LU8GMM
CATEGORY-OPERATOR: SINGLE-OP
CATEGORY-BAND: 20M
CATEGORY-MODE: RTTY
CATEGORY-POWER: LOW
CATEGORY-TRANSMITTER: ONE
CATEGORY-STATION: FIXED
CATEGORY-ASSISTED: ASSISTED
LOCATION: DX
CLAIMED-SCORE: 0
CLUB:
NAME: MAITENON DIEGO MARTIN
ADDRESS: SAAVEDRA 1007 RCIA CHACO 
OPERATORS: 
CREATED-BY: ADIF2CABR V.3.10 (C) SP7DQR
EMAIL: lu8gmm@hotmail.com
QSO: 14075 FT 2020-12-13 2238 LU8GMM        +00            LU7EV         +18            
QSO: 14075 FT 2020-12-13 2247 LU8GMM        -09            K1DG          +03            
QSO: 14075 FT 2020-12-13 2253 LU8GMM        -16            PY5EF         -06            
QSO: 14075 FT 2020-12-13 2255 LU8GMM        -18            LU5MBB        -11            
QSO: 14075 FT 2020-12-13 2259 LU8GMM        -10            CX4CAW        -06            
QSO: 14075 FT 2020-12-13 2307 LU8GMM        -11            CX3HU         -01            
QSO: 14075 FT 2020-12-13 2311 LU8GMM        -12            LU8DRH        -02            
QSO: 14075 FT 2020-12-13 2320 LU8GMM        -19            KP4SX         -11            
QSO: 14075 FT 2020-12-13 2328 LU8GMM        -21            N0DOW         -14            
QSO: 14075 FT 2020-12-13 2330 LU8GMM        -16            W4XCO         +09            
QSO: 14075 FT 2020-12-13 2334 LU8GMM        -16            WB4KTF        -08            
QSO: 14075 FT 2020-12-13 2336 LU8GMM        -16            XE1ACA        -05            
QSO: 14075 FT 2020-12-13 2339 LU8GMM        -19            VE7DIO        -12            
QSO: 14075 FT 2020-12-13 2344 LU8GMM        -16            N7EAT         -12            
QSO: 14075 FT 2020-12-13 2347 LU8GMM        -20            N7PIB         +10            
QSO: 14075 FT 2020-12-13 2351 LU8GMM        -16            LU6HR         -07            
QSO: 14076 FT 2020-12-14 0126 LU8GMM        -15            OA6AMN        -03            
QSO: 14075 FT 2020-12-14 0137 LU8GMM        -18            PP1CZ         -06            
QSO: 14075 FT 2020-12-14 1016 LU8GMM        -18            BH4SCF        -20            
QSO: 14075 FT 2020-12-14 1054 LU8GMM        -10            PP2RON        -16            
QSO: 14075 FT 2020-12-14 1118 LU8GMM        -13            LU1HW         -14            
QSO: 14075 FT 2020-12-14 1125 LU8GMM        -17            LU2FHX        -18            
QSO: 14075 FT 2020-12-14 1130 LU8GMM        -16            LU8DRH        -13            
QSO: 14075 FT 2020-12-14 1140 LU8GMM        -14            LU3DVL        -13            
QSO: 14075 FT 2020-12-14 1148 LU8GMM        -02            LU1ETR        -04            
QSO: 14075 FT 2020-12-14 1155 LU8GMM        -13            LU8EU         -16            
QSO: 14075 FT 2020-12-14 1159 LU8GMM        -03            LW1DRJ        +01            
QSO: 14075 FT 2020-12-14 1236 LU8GMM        -10            LU7EV         +07            
QSO: 14075 FT 2020-12-14 1241 LU8GMM        -18            LW6DLS        -01            
QSO: 14074 FT 2020-12-14 1247 LU8GMM        -11            LU4TC         -05            
QSO: 14074 FT 2020-12-14 1252 LU8GMM        -03            CX2DAJ        +04            
QSO: 14075 FT 2020-12-14 1306 LU8GMM        -07            LT5X          -03            
QSO: 14075 FT 2020-12-14 1313 LU8GMM        -24            LU9DLJ        -15            
QSO: 14075 FT 2020-12-14 1315 LU8GMM        -15            LU1TAL        -08            
QSO: 14075 FT 2020-12-14 1330 LU8GMM        -16            LW3DMA        -14            
QSO: 14075 FT 2020-12-14 1358 LU8GMM        -08            PY2BBQ        -05            
QSO: 14075 FT 2020-12-14 1414 LU8GMM        -19            PT2TF         -10            
QSO: 14075 FT 2020-12-14 1517 LU8GMM        -05            LW2EIY        +08            
QSO: 14075 FT 2020-12-14 1522 LU8GMM        -16            LW6DLS        -19            
QSO: 14075 FT 2020-12-14 1524 LU8GMM        -26            LU1DLA        -21            
QSO: 14075 FT 2020-12-14 1527 LU8GMM        -16            CX1CAN        +04            
QSO: 14075 FT 2020-12-14 1536 LU8GMM        -20            LU1DZ         -07            
QSO: 14075 FT 2020-12-14 1548 LU8GMM        -26            LU6FHO        -07            
QSO: 14075 FT 2020-12-14 1609 LU8GMM        -07            LU3XCC        -09            
QSO: 14075 FT 2020-12-14 1620 LU8GMM        -01            PY2BW         -02            
QSO: 14075 FT 2020-12-14 1635 LU8GMM        -19            ZS2DLF        -15            
QSO: 14075 FT 2020-12-14 1641 LU8GMM        -21            EA5DUF        -24            
QSO: 14075 FT 2020-12-14 1643 LU8GMM        -05            CE1PTT        -04            
QSO: 14075 FT 2020-12-14 1657 LU8GMM        -02            PP5HR         +04            
QSO: 14075 FT 2020-12-14 1701 LU8GMM        -14            LW4EOV        +00            
QSO: 14075 FT 2020-12-14 1720 LU8GMM        -14            PY2PWL        -13            
QSO: 14075 FT 2020-12-14 1728 LU8GMM        +00            LW4DKI        +10            
QSO: 14075 FT 2020-12-14 1734 LU8GMM        -10            CE3TMM        -10            
QSO: 14075 FT 2020-12-14 1740 LU8GMM        -20            LU7EML        +02            
QSO: 14075 FT 2020-12-14 1805 LU8GMM        +02            PY3TIO        -01            
QSO: 14075 FT 2020-12-14 2045 LU8GMM        -03            CX4AD         +02            
QSO: 14075 FT 2020-12-14 2049 LU8GMM        -20            W4GEH         -16            
QSO: 14075 FT 2020-12-14 2052 LU8GMM        -01            LU9EKQ        +03            
QSO: 14075 FT 2020-12-14 2105 LU8GMM        -03            LU5DT         -01            
QSO: 14074 FT 2020-12-14 2131 LU8GMM        -06            CE5MRA        -13            
QSO: 14076 FT 2020-12-14 2144 LU8GMM        -15            LU6VM         -05            
QSO: 14075 FT 2020-12-14 2158 LU8GMM        -18            N8RKC         -11            
QSO: 14075 FT 2020-12-14 2200 LU8GMM        -14            WB3BOT        -01            
QSO: 14075 FT 2020-12-14 2241 LU8GMM        -08            PY2PRB        -06            
QSO: 14074 FT 2020-12-15 0015 LU8GMM        -16            K6ANP         -04            
QSO: 14075 FT 2020-12-15 1310 LU8GMM        -11            LU4FYF        +14            
QSO: 14075 FT 2020-12-15 1341 LU8GMM        -11            LU8EMI        -14            
QSO: 14075 FT 2020-12-15 1345 LU8GMM        -12            LU8HEA        -06            
END-OF-LOG:
